<?xml version="1.0" encoding="UTF-8"?>
<testsuite xmlns:xsi="http://www.w3.org/2001/XMLSchema-instance" xsi:noNamespaceSchemaLocation="https://maven.apache.org/surefire/maven-surefire-plugin/xsd/surefire-test-report-3.0.xsd" version="3.0" name="jp.gihyo.jenkinsbook.action.SampleActionTest" time="0.034" tests="5" errors="0" skipped="0" failures="0">
  <properties>
    <property name="java.specification.version" value="17"/>
    <property name="sun.jnu.encoding" value="UTF-8"/>
    <property name="java.class.path" value="/Users/ryosuke/dev/JavaProjects/Jenkins_Practical_Guide_3rd_Edition/target/test-classes:/Users/ryosuke/dev/JavaProjects/Jenkins_Practical_Guide_3rd_Edition/target/classes:/Users/ryosuke/.m2/repository/javax/servlet/jsp/javax.servlet.jsp-api/2.3.1/javax.servlet.jsp-api-2.3.1.jar:/Users/ryosuke/.m2/repository/javax/servlet/javax.servlet-api/3.1.0/javax.servlet-api-3.1.0.jar:/Users/ryosuke/.m2/repository/junit/junit/4.12/junit-4.12.jar:/Users/ryosuke/.m2/repository/org/hamcrest/hamcrest-core/1.3/hamcrest-core-1.3.jar:/Users/ryosuke/.m2/repository/org/easymock/easymock/3.4/easymock-3.4.jar:/Users/ryosuke/.m2/repository/org/objenesis/objenesis/2.2/objenesis-2.2.jar:"/>
    <property name="java.vm.vendor" value="JetBrains s.r.o."/>
    <property name="sun.arch.data.model" value="64"/>
    <property name="java.vendor.url" value="https://openjdk.java.net/"/>
    <property name="os.name" value="Mac OS X"/>
    <property name="java.vm.specification.version" value="17"/>
    <property name="sun.java.launcher" value="SUN_STANDARD"/>
    <property name="user.country" value="JP"/>
    <property name="sun.boot.library.path" value="/Users/ryosuke/.sdkman/candidates/java/17.0.12-jbr/lib"/>
    <property name="sun.java.command" value="/Users/ryosuke/dev/JavaProjects/Jenkins_Practical_Guide_3rd_Edition/target/surefire/surefirebooter-20250514010859659_3.jar /Users/ryosuke/dev/JavaProjects/Jenkins_Practical_Guide_3rd_Edition/target/surefire 2025-05-14T01-08-59_633-jvmRun1 surefire-20250514010859659_1tmp surefire_0-20250514010859659_2tmp"/>
    <property name="http.nonProxyHosts" value="local|*.local|169.254/16|*.169.254/16"/>
    <property name="jdk.debug" value="release"/>
    <property name="surefire.test.class.path" value="/Users/ryosuke/dev/JavaProjects/Jenkins_Practical_Guide_3rd_Edition/target/test-classes:/Users/ryosuke/dev/JavaProjects/Jenkins_Practical_Guide_3rd_Edition/target/classes:/Users/ryosuke/.m2/repository/javax/servlet/jsp/javax.servlet.jsp-api/2.3.1/javax.servlet.jsp-api-2.3.1.jar:/Users/ryosuke/.m2/repository/javax/servlet/javax.servlet-api/3.1.0/javax.servlet-api-3.1.0.jar:/Users/ryosuke/.m2/repository/junit/junit/4.12/junit-4.12.jar:/Users/ryosuke/.m2/repository/org/hamcrest/hamcrest-core/1.3/hamcrest-core-1.3.jar:/Users/ryosuke/.m2/repository/org/easymock/easymock/3.4/easymock-3.4.jar:/Users/ryosuke/.m2/repository/org/objenesis/objenesis/2.2/objenesis-2.2.jar:"/>
    <property name="sun.cpu.endian" value="little"/>
    <property name="user.home" value="/Users/ryosuke"/>
    <property name="user.language" value="ja"/>
    <property name="java.specification.vendor" value="Oracle Corporation"/>
    <property name="java.version.date" value="2024-07-16"/>
    <property name="java.home" value="/Users/ryosuke/.sdkman/candidates/java/17.0.12-jbr"/>
    <property name="file.separator" value="/"/>
    <property name="basedir" value="/Users/ryosuke/dev/JavaProjects/Jenkins_Practical_Guide_3rd_Edition"/>
    <property name="java.vm.compressedOopsMode" value="Zero based"/>
    <property name="line.separator" value="&#10;"/>
    <property name="java.vm.specification.vendor" value="Oracle Corporation"/>
    <property name="java.specification.name" value="Java Platform API Specification"/>
    <property name="jbr.virtualization.information" value="No virtualization detected"/>
    <property name="surefire.real.class.path" value="/Users/ryosuke/dev/JavaProjects/Jenkins_Practical_Guide_3rd_Edition/target/surefire/surefirebooter-20250514010859659_3.jar"/>
    <property name="sun.management.compiler" value="HotSpot 64-Bit Tiered Compilers"/>
    <property name="ftp.nonProxyHosts" value="local|*.local|169.254/16|*.169.254/16"/>
    <property name="java.runtime.version" value="17.0.12+1-b1087.25"/>
    <property name="user.name" value="ryosuke"/>
    <property name="path.separator" value=":"/>
    <property name="os.version" value="15.4.1"/>
    <property name="java.runtime.name" value="OpenJDK Runtime Environment"/>
    <property name="file.encoding" value="UTF-8"/>
    <property name="java.vm.name" value="OpenJDK 64-Bit Server VM"/>
    <property name="java.vendor.version" value="JBR-17.0.12+1-1087.25-jcef"/>
    <property name="localRepository" value="/Users/ryosuke/.m2/repository"/>
    <property name="java.vendor.url.bug" value="https://bugreport.java.com/bugreport/"/>
    <property name="java.io.tmpdir" value="/var/folders/zz/d2vvjdq17dz7hl67xhyhqqmc0000gn/T/"/>
    <property name="java.version" value="17.0.12"/>
    <property name="user.dir" value="/Users/ryosuke/dev/JavaProjects/Jenkins_Practical_Guide_3rd_Edition"/>
    <property name="os.arch" value="aarch64"/>
    <property name="java.vm.specification.name" value="Java Virtual Machine Specification"/>
    <property name="native.encoding" value="UTF-8"/>
    <property name="java.library.path" value="/Users/ryosuke/Library/Java/Extensions:/Library/Java/Extensions:/Network/Library/Java/Extensions:/System/Library/Java/Extensions:/usr/lib/java:."/>
    <property name="java.vm.info" value="mixed mode"/>
    <property name="java.vendor" value="JetBrains s.r.o."/>
    <property name="java.vm.version" value="17.0.12+1-b1087.25"/>
    <property name="sun.io.unicode.encoding" value="UnicodeBig"/>
    <property name="socksNonProxyHosts" value="local|*.local|169.254/16|*.169.254/16"/>
    <property name="java.class.version" value="61.0"/>
  </properties>
  <testcase name="testExecuteNormal" classname="jp.gihyo.jenkinsbook.action.SampleActionTest" time="0.014"/>
  <testcase name="testCheckError1" classname="jp.gihyo.jenkinsbook.action.SampleActionTest" time="0.0"/>
  <testcase name="testCheckError2" classname="jp.gihyo.jenkinsbook.action.SampleActionTest" time="0.0"/>
  <testcase name="testCheckError3" classname="jp.gihyo.jenkinsbook.action.SampleActionTest" time="0.0"/>
  <testcase name="testCheckNormal" classname="jp.gihyo.jenkinsbook.action.SampleActionTest" time="0.0"/>
</testsuite>